# JRE version: OpenJDK Runtime Environment (8.0_202-b03) (build 1.8.0_202-release-1483-b03)
# Java VM: OpenJDK 64-Bit Server VM (25.202-b03 mixed mode windows-amd64 compressed oops)
Heap:
 PSYoungGen      total 111616K, used 111599K [0x00000000e0000000, 0x00000000e9b00000, 0x0000000100000000)
  eden space 102400K, 100% used [0x00000000e0000000,0x00000000e6400000,0x00000000e6400000)
  from space 9216K, 99% used [0x00000000e6400000,0x00000000e6cfbde8,0x00000000e6d00000)
  to   space 13312K, 0% used [0x00000000e8e00000,0x00000000e8e00000,0x00000000e9b00000)
 ParOldGen       total 49664K, used 30544K [0x00000000a0000000, 0x00000000a3080000, 0x00000000e0000000)
  object space 49664K, 61% used [0x00000000a0000000,0x00000000a1dd40b8,0x00000000a3080000)
 Metaspace       used 54913K, capacity 57034K, committed 57216K, reserved 1097728K
  class space    used 7458K, capacity 7985K, committed 8064K, reserved 1048576K
GC Heap History (10 events):
Event: 18.990 GC heap before
{Heap before GC invocations=13 (full 1):
 PSYoungGen      total 56832K, used 56818K [0x00000000e0000000, 0x00000000e5600000, 0x0000000100000000)
  eden space 51200K, 100% used [0x00000000e0000000,0x00000000e3200000,0x00000000e3200000)
  from space 5632K, 99% used [0x00000000e3200000,0x00000000e377cb88,0x00000000e3780000)
  to   space 6656K, 0% used [0x00000000e4f80000,0x00000000e4f80000,0x00000000e5600000)
 ParOldGen       total 31232K, used 9984K [0x00000000a0000000, 0x00000000a1e80000, 0x00000000e0000000)
  object space 31232K, 31% used [0x00000000a0000000,0x00000000a09c0168,0x00000000a1e80000)
 Metaspace       used 30633K, capacity 31334K, committed 31360K, reserved 1077248K
  class space    used 4229K, capacity 4456K, committed 4480K, reserved 1048576K
Event: 19.006 GC heap after
Heap after GC invocations=13 (full 1):
 PSYoungGen      total 79360K, used 5250K [0x00000000e0000000, 0x00000000e5500000, 0x0000000100000000)
  eden space 73728K, 0% used [0x00000000e0000000,0x00000000e0000000,0x00000000e4800000)
  from space 5632K, 93% used [0x00000000e4f80000,0x00000000e54a0ab0,0x00000000e5500000)
  to   space 6656K, 0% used [0x00000000e4800000,0x00000000e4800000,0x00000000e4e80000)
 ParOldGen       total 31232K, used 12677K [0x00000000a0000000, 0x00000000a1e80000, 0x00000000e0000000)
  object space 31232K, 40% used [0x00000000a0000000,0x00000000a0c61700,0x00000000a1e80000)
 Metaspace       used 30633K, capacity 31334K, committed 31360K, reserved 1077248K
  class space    used 4229K, capacity 4456K, committed 4480K, reserved 1048576K
}
Event: 21.174 GC heap before
{Heap before GC invocations=14 (full 1):
 PSYoungGen      total 79360K, used 74506K [0x00000000e0000000, 0x00000000e5500000, 0x0000000100000000)
  eden space 73728K, 93% used [0x00000000e0000000,0x00000000e43a1fa8,0x00000000e4800000)
  from space 5632K, 93% used [0x00000000e4f80000,0x00000000e54a0ab0,0x00000000e5500000)
  to   space 6656K, 0% used [0x00000000e4800000,0x00000000e4800000,0x00000000e4e80000)
 ParOldGen       total 31232K, used 12677K [0x00000000a0000000, 0x00000000a1e80000, 0x00000000e0000000)
  object space 31232K, 40% used [0x00000000a0000000,0x00000000a0c61700,0x00000000a1e80000)
 Metaspace       used 34416K, capacity 35388K, committed 35456K, reserved 1079296K
  class space    used 4729K, capacity 4978K, committed 4992K, reserved 1048576K
Event: 21.197 GC heap after
Heap after GC invocations=14 (full 1):
 PSYoungGen      total 80384K, used 6455K [0x00000000e0000000, 0x00000000e7600000, 0x0000000100000000)
  eden space 73728K, 0% used [0x00000000e0000000,0x00000000e0000000,0x00000000e4800000)
  from space 6656K, 96% used [0x00000000e4800000,0x00000000e4e4de90,0x00000000e4e80000)
  to   space 7168K, 0% used [0x00000000e6f00000,0x00000000e6f00000,0x00000000e7600000)
 ParOldGen       total 31232K, used 14881K [0x00000000a0000000, 0x00000000a1e80000, 0x00000000e0000000)
  object space 31232K, 47% used [0x00000000a0000000,0x00000000a0e88610,0x00000000a1e80000)
 Metaspace       used 34416K, capacity 35388K, committed 35456K, reserved 1079296K
  class space    used 4729K, capacity 4978K, committed 4992K, reserved 1048576K
}
Event: 21.197 GC heap before
{Heap before GC invocations=15 (full 2):
 PSYoungGen      total 80384K, used 6455K [0x00000000e0000000, 0x00000000e7600000, 0x0000000100000000)
  eden space 73728K, 0% used [0x00000000e0000000,0x00000000e0000000,0x00000000e4800000)
  from space 6656K, 96% used [0x00000000e4800000,0x00000000e4e4de90,0x00000000e4e80000)
  to   space 7168K, 0% used [0x00000000e6f00000,0x00000000e6f00000,0x00000000e7600000)
 ParOldGen       total 31232K, used 14881K [0x00000000a0000000, 0x00000000a1e80000, 0x00000000e0000000)
  object space 31232K, 47% used [0x00000000a0000000,0x00000000a0e88610,0x00000000a1e80000)
 Metaspace       used 34416K, capacity 35388K, committed 35456K, reserved 1079296K
  class space    used 4729K, capacity 4978K, committed 4992K, reserved 1048576K
Event: 21.275 GC heap after
Heap after GC invocations=15 (full 2):
 PSYoungGen      total 80384K, used 0K [0x00000000e0000000, 0x00000000e7600000, 0x0000000100000000)
  eden space 73728K, 0% used [0x00000000e0000000,0x00000000e0000000,0x00000000e4800000)
  from space 6656K, 0% used [0x00000000e4800000,0x00000000e4800000,0x00000000e4e80000)
  to   space 7168K, 0% used [0x00000000e6f00000,0x00000000e6f00000,0x00000000e7600000)
 ParOldGen       total 49664K, used 18753K [0x00000000a0000000, 0x00000000a3080000, 0x00000000e0000000)
  object space 49664K, 37% used [0x00000000a0000000,0x00000000a12507e8,0x00000000a3080000)
 Metaspace       used 34416K, capacity 35388K, committed 35456K, reserved 1079296K
  class space    used 4729K, capacity 4978K, committed 4992K, reserved 1048576K
}
Event: 23.242 GC heap before
{Heap before GC invocations=16 (full 2):
 PSYoungGen      total 80384K, used 73728K [0x00000000e0000000, 0x00000000e7600000, 0x0000000100000000)
  eden space 73728K, 100% used [0x00000000e0000000,0x00000000e4800000,0x00000000e4800000)
  from space 6656K, 0% used [0x00000000e4800000,0x00000000e4800000,0x00000000e4e80000)
  to   space 7168K, 0% used [0x00000000e6f00000,0x00000000e6f00000,0x00000000e7600000)
 ParOldGen       total 49664K, used 18753K [0x00000000a0000000, 0x00000000a3080000, 0x00000000e0000000)
  object space 49664K, 37% used [0x00000000a0000000,0x00000000a12507e8,0x00000000a3080000)
 Metaspace       used 41983K, capacity 43378K, committed 43648K, reserved 1087488K
  class space    used 5664K, capacity 5990K, committed 6016K, reserved 1048576K
Event: 23.254 GC heap after
Heap after GC invocations=16 (full 2):
 PSYoungGen      total 105984K, used 7164K [0x00000000e0000000, 0x00000000e7600000, 0x0000000100000000)
  eden space 98816K, 0% used [0x00000000e0000000,0x00000000e0000000,0x00000000e6080000)
  from space 7168K, 99% used [0x00000000e6f00000,0x00000000e75ff050,0x00000000e7600000)
  to   space 9216K, 0% used [0x00000000e6400000,0x00000000e6400000,0x00000000e6d00000)
 ParOldGen       total 49664K, used 22433K [0x00000000a0000000, 0x00000000a3080000, 0x00000000e0000000)
  object space 49664K, 45% used [0x00000000a0000000,0x00000000a15e8758,0x00000000a3080000)
 Metaspace       used 41983K, capacity 43378K, committed 43648K, reserved 1087488K
  class space    used 5664K, capacity 5990K, committed 6016K, reserved 1048576K
}
Event: 26.719 GC heap before
{Heap before GC invocations=17 (full 2):
 PSYoungGen      total 105984K, used 105980K [0x00000000e0000000, 0x00000000e7600000, 0x0000000100000000)
  eden space 98816K, 100% used [0x00000000e0000000,0x00000000e6080000,0x00000000e6080000)
  from space 7168K, 99% used [0x00000000e6f00000,0x00000000e75ff050,0x00000000e7600000)
  to   space 9216K, 0% used [0x00000000e6400000,0x00000000e6400000,0x00000000e6d00000)
 ParOldGen       total 49664K, used 22433K [0x00000000a0000000, 0x00000000a3080000, 0x00000000e0000000)
  object space 49664K, 45% used [0x00000000a0000000,0x00000000a15e8758,0x00000000a3080000)
 Metaspace       used 49162K, capacity 50870K, committed 51072K, reserved 1093632K
  class space    used 6619K, capacity 7037K, committed 7040K, reserved 1048576K
Event: 26.745 GC heap after
Heap after GC invocations=17 (full 2):
 PSYoungGen      total 111616K, used 9199K [0x00000000e0000000, 0x00000000e9b00000, 0x0000000100000000)
  eden space 102400K, 0% used [0x00000000e0000000,0x00000000e0000000,0x00000000e6400000)
  from space 9216K, 99% used [0x00000000e6400000,0x00000000e6cfbde8,0x00000000e6d00000)
  to   space 13312K, 0% used [0x00000000e8e00000,0x00000000e8e00000,0x00000000e9b00000)
 ParOldGen       total 49664K, used 30544K [0x00000000a0000000, 0x00000000a3080000, 0x00000000e0000000)
  object space 49664K, 61% used [0x00000000a0000000,0x00000000a1dd40b8,0x00000000a3080000)
 Metaspace       used 49162K, capacity 50870K, committed 51072K, reserved 1093632K
  class space    used 6619K, capacity 7037K, committed 7040K, reserved 1048576K
}

