# JRE version: OpenJDK Runtime Environment (8.0_202-b03) (build 1.8.0_202-release-1483-b03)
# Java VM: OpenJDK 64-Bit Server VM (25.202-b03 mixed mode windows-amd64 compressed oops)
Heap:
 PSYoungGen      total 192512K, used 99291K [0x00000000e0000000, 0x00000000edc00000, 0x0000000100000000)
  eden space 177152K, 47% used [0x00000000e0000000,0x00000000e523e5b0,0x00000000ead00000)
  from space 15360K, 98% used [0x00000000ecd00000,0x00000000edbb8820,0x00000000edc00000)
  to   space 19456K, 0% used [0x00000000eb600000,0x00000000eb600000,0x00000000ec900000)
 ParOldGen       total 89088K, used 34254K [0x00000000a0000000, 0x00000000a5700000, 0x00000000e0000000)
  object space 89088K, 38% used [0x00000000a0000000,0x00000000a2173af0,0x00000000a5700000)
 Metaspace       used 64614K, capacity 66918K, committed 67160K, reserved 1107968K
  class space    used 8437K, capacity 8997K, committed 9088K, reserved 1048576K
GC Heap History (10 events):
Event: 17.795 GC heap before
{Heap before GC invocations=15 (full 2):
 PSYoungGen      total 130560K, used 122368K [0x00000000e0000000, 0x00000000e9500000, 0x0000000100000000)
  eden space 122368K, 100% used [0x00000000e0000000,0x00000000e7780000,0x00000000e7780000)
  from space 8192K, 0% used [0x00000000e7f80000,0x00000000e7f80000,0x00000000e8780000)
  to   space 8192K, 0% used [0x00000000e7780000,0x00000000e7780000,0x00000000e7f80000)
 ParOldGen       total 53248K, used 17613K [0x00000000a0000000, 0x00000000a3400000, 0x00000000e0000000)
  object space 53248K, 33% used [0x00000000a0000000,0x00000000a1133468,0x00000000a3400000)
 Metaspace       used 45521K, capacity 46682K, committed 46936K, reserved 1089536K
  class space    used 6113K, capacity 6458K, committed 6528K, reserved 1048576K
Event: 17.820 GC heap after
Heap after GC invocations=15 (full 2):
 PSYoungGen      total 130560K, used 8188K [0x00000000e0000000, 0x00000000eae00000, 0x0000000100000000)
  eden space 122368K, 0% used [0x00000000e0000000,0x00000000e0000000,0x00000000e7780000)
  from space 8192K, 99% used [0x00000000e7780000,0x00000000e7f7f320,0x00000000e7f80000)
  to   space 11776K, 0% used [0x00000000ea280000,0x00000000ea280000,0x00000000eae00000)
 ParOldGen       total 53248K, used 25120K [0x00000000a0000000, 0x00000000a3400000, 0x00000000e0000000)
  object space 53248K, 47% used [0x00000000a0000000,0x00000000a18883c0,0x00000000a3400000)
 Metaspace       used 45521K, capacity 46682K, committed 46936K, reserved 1089536K
  class space    used 6113K, capacity 6458K, committed 6528K, reserved 1048576K
}
Event: 22.435 GC heap before
{Heap before GC invocations=16 (full 2):
 PSYoungGen      total 130560K, used 130556K [0x00000000e0000000, 0x00000000eae00000, 0x0000000100000000)
  eden space 122368K, 100% used [0x00000000e0000000,0x00000000e7780000,0x00000000e7780000)
  from space 8192K, 99% used [0x00000000e7780000,0x00000000e7f7f320,0x00000000e7f80000)
  to   space 11776K, 0% used [0x00000000ea280000,0x00000000ea280000,0x00000000eae00000)
 ParOldGen       total 53248K, used 25120K [0x00000000a0000000, 0x00000000a3400000, 0x00000000e0000000)
  object space 53248K, 47% used [0x00000000a0000000,0x00000000a18883c0,0x00000000a3400000)
 Metaspace       used 54974K, capacity 56720K, committed 56792K, reserved 1097728K
  class space    used 7418K, capacity 7923K, committed 7936K, reserved 1048576K
Event: 22.476 GC heap after
Heap after GC invocations=16 (full 2):
 PSYoungGen      total 160768K, used 11761K [0x00000000e0000000, 0x00000000eb800000, 0x0000000100000000)
  eden space 148992K, 0% used [0x00000000e0000000,0x00000000e0000000,0x00000000e9180000)
  from space 11776K, 99% used [0x00000000ea280000,0x00000000eadfc7a0,0x00000000eae00000)
  to   space 17408K, 0% used [0x00000000e9180000,0x00000000e9180000,0x00000000ea280000)
 ParOldGen       total 53248K, used 36095K [0x00000000a0000000, 0x00000000a3400000, 0x00000000e0000000)
  object space 53248K, 67% used [0x00000000a0000000,0x00000000a233fc38,0x00000000a3400000)
 Metaspace       used 54974K, capacity 56720K, committed 56792K, reserved 1097728K
  class space    used 7418K, capacity 7923K, committed 7936K, reserved 1048576K
}
Event: 23.143 GC heap before
{Heap before GC invocations=17 (full 2):
 PSYoungGen      total 160768K, used 43088K [0x00000000e0000000, 0x00000000eb800000, 0x0000000100000000)
  eden space 148992K, 21% used [0x00000000e0000000,0x00000000e1e97a80,0x00000000e9180000)
  from space 11776K, 99% used [0x00000000ea280000,0x00000000eadfc7a0,0x00000000eae00000)
  to   space 17408K, 0% used [0x00000000e9180000,0x00000000e9180000,0x00000000ea280000)
 ParOldGen       total 53248K, used 36095K [0x00000000a0000000, 0x00000000a3400000, 0x00000000e0000000)
  object space 53248K, 67% used [0x00000000a0000000,0x00000000a233fc38,0x00000000a3400000)
 Metaspace       used 57106K, capacity 58878K, committed 58968K, reserved 1099776K
  class space    used 7767K, capacity 8262K, committed 8320K, reserved 1048576K
Event: 23.160 GC heap after
Heap after GC invocations=17 (full 2):
 PSYoungGen      total 166400K, used 2585K [0x00000000e0000000, 0x00000000ede00000, 0x0000000100000000)
  eden space 148992K, 0% used [0x00000000e0000000,0x00000000e0000000,0x00000000e9180000)
  from space 17408K, 14% used [0x00000000e9180000,0x00000000e94064f0,0x00000000ea280000)
  to   space 17408K, 0% used [0x00000000ecd00000,0x00000000ecd00000,0x00000000ede00000)
 ParOldGen       total 53248K, used 43864K [0x00000000a0000000, 0x00000000a3400000, 0x00000000e0000000)
  object space 53248K, 82% used [0x00000000a0000000,0x00000000a2ad6120,0x00000000a3400000)
 Metaspace       used 57106K, capacity 58878K, committed 58968K, reserved 1099776K
  class space    used 7767K, capacity 8262K, committed 8320K, reserved 1048576K
}
Event: 23.160 GC heap before
{Heap before GC invocations=18 (full 3):
 PSYoungGen      total 166400K, used 2585K [0x00000000e0000000, 0x00000000ede00000, 0x0000000100000000)
  eden space 148992K, 0% used [0x00000000e0000000,0x00000000e0000000,0x00000000e9180000)
  from space 17408K, 14% used [0x00000000e9180000,0x00000000e94064f0,0x00000000ea280000)
  to   space 17408K, 0% used [0x00000000ecd00000,0x00000000ecd00000,0x00000000ede00000)
 ParOldGen       total 53248K, used 43864K [0x00000000a0000000, 0x00000000a3400000, 0x00000000e0000000)
  object space 53248K, 82% used [0x00000000a0000000,0x00000000a2ad6120,0x00000000a3400000)
 Metaspace       used 57106K, capacity 58878K, committed 58968K, reserved 1099776K
  class space    used 7767K, capacity 8262K, committed 8320K, reserved 1048576K
Event: 23.617 GC heap after
Heap after GC invocations=18 (full 3):
 PSYoungGen      total 166400K, used 0K [0x00000000e0000000, 0x00000000ede00000, 0x0000000100000000)
  eden space 148992K, 0% used [0x00000000e0000000,0x00000000e0000000,0x00000000e9180000)
  from space 17408K, 0% used [0x00000000e9180000,0x00000000e9180000,0x00000000ea280000)
  to   space 17408K, 0% used [0x00000000ecd00000,0x00000000ecd00000,0x00000000ede00000)
 ParOldGen       total 89088K, used 34246K [0x00000000a0000000, 0x00000000a5700000, 0x00000000e0000000)
  object space 89088K, 38% used [0x00000000a0000000,0x00000000a2171af0,0x00000000a5700000)
 Metaspace       used 57106K, capacity 58878K, committed 58968K, reserved 1099776K
  class space    used 7767K, capacity 8262K, committed 8320K, reserved 1048576K
}
Event: 30.876 GC heap before
{Heap before GC invocations=19 (full 3):
 PSYoungGen      total 166400K, used 148992K [0x00000000e0000000, 0x00000000ede00000, 0x0000000100000000)
  eden space 148992K, 100% used [0x00000000e0000000,0x00000000e9180000,0x00000000e9180000)
  from space 17408K, 0% used [0x00000000e9180000,0x00000000e9180000,0x00000000ea280000)
  to   space 17408K, 0% used [0x00000000ecd00000,0x00000000ecd00000,0x00000000ede00000)
 ParOldGen       total 89088K, used 34246K [0x00000000a0000000, 0x00000000a5700000, 0x00000000e0000000)
  object space 89088K, 38% used [0x00000000a0000000,0x00000000a2171af0,0x00000000a5700000)
 Metaspace       used 60481K, capacity 62616K, committed 62680K, reserved 1103872K
  class space    used 8137K, capacity 8664K, committed 8704K, reserved 1048576K
Event: 30.914 GC heap after
Heap after GC invocations=19 (full 3):
 PSYoungGen      total 192512K, used 15074K [0x00000000e0000000, 0x00000000edc00000, 0x0000000100000000)
  eden space 177152K, 0% used [0x00000000e0000000,0x00000000e0000000,0x00000000ead00000)
  from space 15360K, 98% used [0x00000000ecd00000,0x00000000edbb8820,0x00000000edc00000)
  to   space 19456K, 0% used [0x00000000eb600000,0x00000000eb600000,0x00000000ec900000)
 ParOldGen       total 89088K, used 34254K [0x00000000a0000000, 0x00000000a5700000, 0x00000000e0000000)
  object space 89088K, 38% used [0x00000000a0000000,0x00000000a2173af0,0x00000000a5700000)
 Metaspace       used 60481K, capacity 62616K, committed 62680K, reserved 1103872K
  class space    used 8137K, capacity 8664K, committed 8704K, reserved 1048576K
}

