# JRE version: Java(TM) SE Runtime Environment (8.0_181-b13) (build 1.8.0_181-b13)
# Java VM: Java HotSpot(TM) 64-Bit Server VM (25.181-b13 mixed mode windows-amd64 compressed oops)
Heap:
 PSYoungGen      total 98304K, used 26540K [0x00000000e0000000, 0x00000000e6e80000, 0x0000000100000000)
  eden space 88576K, 18% used [0x00000000e0000000,0x00000000e106c018,0x00000000e5680000)
  from space 9728K, 99% used [0x00000000e6500000,0x00000000e6e7f0a8,0x00000000e6e80000)
  to   space 11776K, 0% used [0x00000000e5780000,0x00000000e5780000,0x00000000e6300000)
 ParOldGen       total 98816K, used 18135K [0x00000000a0000000, 0x00000000a6080000, 0x00000000e0000000)
  object space 98816K, 18% used [0x00000000a0000000,0x00000000a11b5e60,0x00000000a6080000)
 Metaspace       used 43711K, capacity 44640K, committed 45056K, reserved 1087488K
  class space    used 6038K, capacity 6298K, committed 6400K, reserved 1048576K
GC Heap History (10 events):
Event: 13.294 GC heap before
{Heap before GC invocations=10 (full 1):
 PSYoungGen      total 61440K, used 57561K [0x00000000e0000000, 0x00000000e4780000, 0x0000000100000000)
  eden space 51712K, 100% used [0x00000000e0000000,0x00000000e3280000,0x00000000e3280000)
  from space 9728K, 60% used [0x00000000e3c00000,0x00000000e41b65c0,0x00000000e4580000)
  to   space 9728K, 0% used [0x00000000e3280000,0x00000000e3280000,0x00000000e3c00000)
 ParOldGen       total 62464K, used 7914K [0x00000000a0000000, 0x00000000a3d00000, 0x00000000e0000000)
  object space 62464K, 12% used [0x00000000a0000000,0x00000000a07baa40,0x00000000a3d00000)
 Metaspace       used 31297K, capacity 31860K, committed 32256K, reserved 1077248K
  class space    used 4375K, capacity 4567K, committed 4608K, reserved 1048576K
Event: 13.312 GC heap after
Heap after GC invocations=10 (full 1):
 PSYoungGen      total 61440K, used 7644K [0x00000000e0000000, 0x00000000e5880000, 0x0000000100000000)
  eden space 51712K, 0% used [0x00000000e0000000,0x00000000e0000000,0x00000000e3280000)
  from space 9728K, 78% used [0x00000000e3280000,0x00000000e39f7098,0x00000000e3c00000)
  to   space 9728K, 0% used [0x00000000e4f00000,0x00000000e4f00000,0x00000000e5880000)
 ParOldGen       total 62464K, used 7922K [0x00000000a0000000, 0x00000000a3d00000, 0x00000000e0000000)
  object space 62464K, 12% used [0x00000000a0000000,0x00000000a07bca40,0x00000000a3d00000)
 Metaspace       used 31297K, capacity 31860K, committed 32256K, reserved 1077248K
  class space    used 4375K, capacity 4567K, committed 4608K, reserved 1048576K
}
Event: 14.512 GC heap before
{Heap before GC invocations=11 (full 1):
 PSYoungGen      total 61440K, used 59356K [0x00000000e0000000, 0x00000000e5880000, 0x0000000100000000)
  eden space 51712K, 100% used [0x00000000e0000000,0x00000000e3280000,0x00000000e3280000)
  from space 9728K, 78% used [0x00000000e3280000,0x00000000e39f7098,0x00000000e3c00000)
  to   space 9728K, 0% used [0x00000000e4f00000,0x00000000e4f00000,0x00000000e5880000)
 ParOldGen       total 62464K, used 7922K [0x00000000a0000000, 0x00000000a3d00000, 0x00000000e0000000)
  object space 62464K, 12% used [0x00000000a0000000,0x00000000a07bca40,0x00000000a3d00000)
 Metaspace       used 34137K, capacity 34838K, committed 35200K, reserved 1079296K
  class space    used 4792K, capacity 4986K, committed 4992K, reserved 1048576K
Event: 14.524 GC heap after
Heap after GC invocations=11 (full 1):
 PSYoungGen      total 79872K, used 6090K [0x00000000e0000000, 0x00000000e5800000, 0x0000000100000000)
  eden space 70656K, 0% used [0x00000000e0000000,0x00000000e0000000,0x00000000e4500000)
  from space 9216K, 66% used [0x00000000e4f00000,0x00000000e54f2808,0x00000000e5800000)
  to   space 9728K, 0% used [0x00000000e4500000,0x00000000e4500000,0x00000000e4e80000)
 ParOldGen       total 62464K, used 11303K [0x00000000a0000000, 0x00000000a3d00000, 0x00000000e0000000)
  object space 62464K, 18% used [0x00000000a0000000,0x00000000a0b09da0,0x00000000a3d00000)
 Metaspace       used 34137K, capacity 34838K, committed 35200K, reserved 1079296K
  class space    used 4792K, capacity 4986K, committed 4992K, reserved 1048576K
}
Event: 17.071 GC heap before
{Heap before GC invocations=12 (full 1):
 PSYoungGen      total 79872K, used 20708K [0x00000000e0000000, 0x00000000e5800000, 0x0000000100000000)
  eden space 70656K, 20% used [0x00000000e0000000,0x00000000e0e469d8,0x00000000e4500000)
  from space 9216K, 66% used [0x00000000e4f00000,0x00000000e54f2808,0x00000000e5800000)
  to   space 9728K, 0% used [0x00000000e4500000,0x00000000e4500000,0x00000000e4e80000)
 ParOldGen       total 62464K, used 11303K [0x00000000a0000000, 0x00000000a3d00000, 0x00000000e0000000)
  object space 62464K, 18% used [0x00000000a0000000,0x00000000a0b09da0,0x00000000a3d00000)
 Metaspace       used 34652K, capacity 35354K, committed 35496K, reserved 1079296K
  class space    used 4868K, capacity 5092K, committed 5120K, reserved 1048576K
Event: 17.077 GC heap after
Heap after GC invocations=12 (full 1):
 PSYoungGen      total 80384K, used 2867K [0x00000000e0000000, 0x00000000e6e80000, 0x0000000100000000)
  eden space 70656K, 0% used [0x00000000e0000000,0x00000000e0000000,0x00000000e4500000)
  from space 9728K, 29% used [0x00000000e4500000,0x00000000e47ccdf0,0x00000000e4e80000)
  to   space 9728K, 0% used [0x00000000e6500000,0x00000000e6500000,0x00000000e6e80000)
 ParOldGen       total 62464K, used 14664K [0x00000000a0000000, 0x00000000a3d00000, 0x00000000e0000000)
  object space 62464K, 23% used [0x00000000a0000000,0x00000000a0e52230,0x00000000a3d00000)
 Metaspace       used 34652K, capacity 35354K, committed 35496K, reserved 1079296K
  class space    used 4868K, capacity 5092K, committed 5120K, reserved 1048576K
}
Event: 17.077 GC heap before
{Heap before GC invocations=13 (full 2):
 PSYoungGen      total 80384K, used 2867K [0x00000000e0000000, 0x00000000e6e80000, 0x0000000100000000)
  eden space 70656K, 0% used [0x00000000e0000000,0x00000000e0000000,0x00000000e4500000)
  from space 9728K, 29% used [0x00000000e4500000,0x00000000e47ccdf0,0x00000000e4e80000)
  to   space 9728K, 0% used [0x00000000e6500000,0x00000000e6500000,0x00000000e6e80000)
 ParOldGen       total 62464K, used 14664K [0x00000000a0000000, 0x00000000a3d00000, 0x00000000e0000000)
  object space 62464K, 23% used [0x00000000a0000000,0x00000000a0e52230,0x00000000a3d00000)
 Metaspace       used 34652K, capacity 35354K, committed 35496K, reserved 1079296K
  class space    used 4868K, capacity 5092K, committed 5120K, reserved 1048576K
Event: 17.215 GC heap after
Heap after GC invocations=13 (full 2):
 PSYoungGen      total 80384K, used 0K [0x00000000e0000000, 0x00000000e6e80000, 0x0000000100000000)
  eden space 70656K, 0% used [0x00000000e0000000,0x00000000e0000000,0x00000000e4500000)
  from space 9728K, 0% used [0x00000000e4500000,0x00000000e4500000,0x00000000e4e80000)
  to   space 9728K, 0% used [0x00000000e6500000,0x00000000e6500000,0x00000000e6e80000)
 ParOldGen       total 98816K, used 16435K [0x00000000a0000000, 0x00000000a6080000, 0x00000000e0000000)
  object space 98816K, 16% used [0x00000000a0000000,0x00000000a100ccb8,0x00000000a6080000)
 Metaspace       used 34640K, capacity 35312K, committed 35496K, reserved 1079296K
  class space    used 4864K, capacity 5085K, committed 5120K, reserved 1048576K
}
Event: 20.764 GC heap before
{Heap before GC invocations=14 (full 2):
 PSYoungGen      total 80384K, used 70656K [0x00000000e0000000, 0x00000000e6e80000, 0x0000000100000000)
  eden space 70656K, 100% used [0x00000000e0000000,0x00000000e4500000,0x00000000e4500000)
  from space 9728K, 0% used [0x00000000e4500000,0x00000000e4500000,0x00000000e4e80000)
  to   space 9728K, 0% used [0x00000000e6500000,0x00000000e6500000,0x00000000e6e80000)
 ParOldGen       total 98816K, used 16435K [0x00000000a0000000, 0x00000000a6080000, 0x00000000e0000000)
  object space 98816K, 16% used [0x00000000a0000000,0x00000000a100ccb8,0x00000000a6080000)
 Metaspace       used 42720K, capacity 43682K, committed 43904K, reserved 1087488K
  class space    used 5903K, capacity 6197K, committed 6272K, reserved 1048576K
Event: 20.780 GC heap after
Heap after GC invocations=14 (full 2):
 PSYoungGen      total 98304K, used 9724K [0x00000000e0000000, 0x00000000e6e80000, 0x0000000100000000)
  eden space 88576K, 0% used [0x00000000e0000000,0x00000000e0000000,0x00000000e5680000)
  from space 9728K, 99% used [0x00000000e6500000,0x00000000e6e7f0a8,0x00000000e6e80000)
  to   space 11776K, 0% used [0x00000000e5780000,0x00000000e5780000,0x00000000e6300000)
 ParOldGen       total 98816K, used 18135K [0x00000000a0000000, 0x00000000a6080000, 0x00000000e0000000)
  object space 98816K, 18% used [0x00000000a0000000,0x00000000a11b5e60,0x00000000a6080000)
 Metaspace       used 42720K, capacity 43682K, committed 43904K, reserved 1087488K
  class space    used 5903K, capacity 6197K, committed 6272K, reserved 1048576K
}

